C:\PROGRAM FILES (X86)\FASOO DRM\LOG\0.LOG
C:\PROGRAM FILES (X86)\FASOO DRM\LOG\13.LOG
C:\PROGRAM FILES (X86)\FASOO DRM\LOG\F_0001.LOG
D:\Training VS Projects\Learning OpenGL\Learning_OpenGL\Task1_Draft\Release\cl.command.1.tlog
D:\Training VS Projects\Learning OpenGL\Learning_OpenGL\Task1_Draft\Release\CL.read.1.tlog
D:\Training VS Projects\Learning OpenGL\Learning_OpenGL\Task1_Draft\Release\CL.read.2.tlog
D:\Training VS Projects\Learning OpenGL\Learning_OpenGL\Task1_Draft\Release\CL.write.1.tlog
D:\Training VS Projects\Learning OpenGL\Learning_OpenGL\Task1_Draft\Release\link.command.1.tlog
D:\Training VS Projects\Learning OpenGL\Learning_OpenGL\Task1_Draft\Release\link.read.1.tlog
D:\Training VS Projects\Learning OpenGL\Learning_OpenGL\Task1_Draft\Release\link.write.1.tlog
D:\Training VS Projects\Learning OpenGL\Learning_OpenGL\Task1_Draft\Release\mt.command.1.tlog
D:\Training VS Projects\Learning OpenGL\Learning_OpenGL\Task1_Draft\Release\mt.read.1.tlog
D:\Training VS Projects\Learning OpenGL\Learning_OpenGL\Task1_Draft\Release\mt.write.1.tlog
D:\Training VS Projects\Learning OpenGL\Learning_OpenGL\Task1_Draft\Release\shaders.obj
D:\Training VS Projects\Learning OpenGL\Learning_OpenGL\Task1_Draft\Release\Task1.obj
D:\Training VS Projects\Learning OpenGL\Learning_OpenGL\Task1_Draft\Release\Task1_Draft.exe
D:\Training VS Projects\Learning OpenGL\Learning_OpenGL\Task1_Draft\Release\Task1_Draft.exe.intermediate.manifest
D:\Training VS Projects\Learning OpenGL\Learning_OpenGL\Task1_Draft\Release\Task1_Draft.pdb
D:\Training VS Projects\Learning OpenGL\Learning_OpenGL\Task1_Draft\Release\vc100.pdb
D:\TRAINING VS PROJECTS\LEARNING OPENGL\TASK1_DRAFT\RELEASE\SHADERS.OBJ
D:\TRAINING VS PROJECTS\LEARNING OPENGL\TASK1_DRAFT\RELEASE\TASK1.OBJ
D:\TRAINING VS PROJECTS\LEARNING OPENGL\TASK1_DRAFT\RELEASE\TASK1_DRAFT.EXE
D:\TRAINING VS PROJECTS\LEARNING OPENGL\TASK1_DRAFT\RELEASE\TASK1_DRAFT.EXE.INTERMEDIATE.MANIFEST
D:\TRAINING VS PROJECTS\LEARNING OPENGL\TASK1_DRAFT\RELEASE\TASK1_DRAFT.PDB
D:\TRAINING VS PROJECTS\LEARNING OPENGL\TASK1_DRAFT\RELEASE\VC100.PDB
