C:\PROGRAM FILES (X86)\FASOO DRM\LOG\0.LOG
C:\PROGRAM FILES (X86)\FASOO DRM\LOG\13.LOG
C:\PROGRAM FILES (X86)\FASOO DRM\LOG\F_0001.LOG
D:\Training VS Projects\Learning OpenGL\Learning_OpenGL\Task1_Draft\Debug\cl.command.1.tlog
D:\Training VS Projects\Learning OpenGL\Learning_OpenGL\Task1_Draft\Debug\CL.read.1.tlog
D:\Training VS Projects\Learning OpenGL\Learning_OpenGL\Task1_Draft\Debug\CL.read.2.tlog
D:\Training VS Projects\Learning OpenGL\Learning_OpenGL\Task1_Draft\Debug\CL.write.1.tlog
D:\Training VS Projects\Learning OpenGL\Learning_OpenGL\Task1_Draft\Debug\link.command.1.tlog
D:\Training VS Projects\Learning OpenGL\Learning_OpenGL\Task1_Draft\Debug\link.read.1.tlog
D:\Training VS Projects\Learning OpenGL\Learning_OpenGL\Task1_Draft\Debug\link.write.1.tlog
D:\Training VS Projects\Learning OpenGL\Learning_OpenGL\Task1_Draft\Debug\mt.command.1.tlog
D:\Training VS Projects\Learning OpenGL\Learning_OpenGL\Task1_Draft\Debug\mt.read.1.tlog
D:\Training VS Projects\Learning OpenGL\Learning_OpenGL\Task1_Draft\Debug\mt.write.1.tlog
D:\Training VS Projects\Learning OpenGL\Learning_OpenGL\Task1_Draft\Debug\shaders.obj
D:\Training VS Projects\Learning OpenGL\Learning_OpenGL\Task1_Draft\Debug\Task1.obj
D:\Training VS Projects\Learning OpenGL\Learning_OpenGL\Task1_Draft\Debug\Task1_Draft.exe
D:\Training VS Projects\Learning OpenGL\Learning_OpenGL\Task1_Draft\Debug\Task1_Draft.exe.intermediate.manifest
D:\Training VS Projects\Learning OpenGL\Learning_OpenGL\Task1_Draft\Debug\Task1_Draft.ilk
D:\Training VS Projects\Learning OpenGL\Learning_OpenGL\Task1_Draft\Debug\Task1_Draft.pdb
D:\Training VS Projects\Learning OpenGL\Learning_OpenGL\Task1_Draft\Debug\vc100.idb
D:\Training VS Projects\Learning OpenGL\Learning_OpenGL\Task1_Draft\Debug\vc100.pdb
D:\TRAINING VS PROJECTS\LEARNING OPENGL\TASK1_DRAFT\DEBUG\SHADERS.OBJ
D:\TRAINING VS PROJECTS\LEARNING OPENGL\TASK1_DRAFT\DEBUG\TASK1.OBJ
D:\TRAINING VS PROJECTS\LEARNING OPENGL\TASK1_DRAFT\DEBUG\TASK1_DRAFT.EXE
D:\TRAINING VS PROJECTS\LEARNING OPENGL\TASK1_DRAFT\DEBUG\TASK1_DRAFT.EXE.INTERMEDIATE.MANIFEST
D:\TRAINING VS PROJECTS\LEARNING OPENGL\TASK1_DRAFT\DEBUG\TASK1_DRAFT.ILK
D:\TRAINING VS PROJECTS\LEARNING OPENGL\TASK1_DRAFT\DEBUG\TASK1_DRAFT.PDB
D:\TRAINING VS PROJECTS\LEARNING OPENGL\TASK1_DRAFT\DEBUG\VC100.PDB
