Build started 22.12.2014 13:02:22.
     1>Project "D:\Training VS Projects\Learning_OpenGL2\Task1\Task1.vcxproj" on node 2 (build target(s)).
     1>InitializeBuildStatus:
         Creating "Release\Task1.unsuccessfulbuild" because "AlwaysCreate" was specified.
       ClCompile:
         C:\Program Files (x86)\Microsoft Visual Studio 10.0\VC\bin\CL.exe /c /Zi /nologo /W3 /WX- /O2 /Oi /Oy- /GL /D _UNICODE /D UNICODE /Gm- /EHsc /MD /GS /Gy /fp:precise /Zc:wchar_t /Zc:forScope /Fo"Release\\" /Fd"Release\vc100.pdb" /Gd /TP /analyze- /errorReport:prompt meshobj.cpp shaders.cpp Task1.cpp
         meshobj.cpp
         shaders.cpp
     1>shaders.cpp(15): warning C4996: 'fopen': This function or variable may be unsafe. Consider using fopen_s instead. To disable deprecation, use _CRT_SECURE_NO_WARNINGS. See online help for details.
                 C:\Program Files (x86)\Microsoft Visual Studio 10.0\VC\include\stdio.h(234) : see declaration of 'fopen'
     1>shaders.cpp(27): warning C4996: 'strcpy': This function or variable may be unsafe. Consider using strcpy_s instead. To disable deprecation, use _CRT_SECURE_NO_WARNINGS. See online help for details.
                 C:\Program Files (x86)\Microsoft Visual Studio 10.0\VC\include\string.h(105) : see declaration of 'strcpy'
         Task1.cpp
     1>d:\training vs projects\learning_opengl2\glm\glm\gtx\string_cast.inl(30): warning C4996: 'vsprintf': This function or variable may be unsafe. Consider using vsprintf_s instead. To disable deprecation, use _CRT_SECURE_NO_WARNINGS. See online help for details.
                 C:\Program Files (x86)\Microsoft Visual Studio 10.0\VC\include\stdio.h(371) : see declaration of 'vsprintf'
     1>Task1.cpp(289): warning C4996: 'sprintf': This function or variable may be unsafe. Consider using sprintf_s instead. To disable deprecation, use _CRT_SECURE_NO_WARNINGS. See online help for details.
                 C:\Program Files (x86)\Microsoft Visual Studio 10.0\VC\include\stdio.h(371) : see declaration of 'sprintf'
     1>Task1.cpp(290): warning C4996: 'sprintf': This function or variable may be unsafe. Consider using sprintf_s instead. To disable deprecation, use _CRT_SECURE_NO_WARNINGS. See online help for details.
                 C:\Program Files (x86)\Microsoft Visual Studio 10.0\VC\include\stdio.h(371) : see declaration of 'sprintf'
       Link:
         C:\Program Files (x86)\Microsoft Visual Studio 10.0\VC\bin\link.exe /ERRORREPORT:PROMPT /OUT:"D:\Training VS Projects\Learning_OpenGL2\Task1\Release\Task1.exe" /NOLOGO glew32.lib opengl32.lib kernel32.lib user32.lib gdi32.lib winspool.lib comdlg32.lib advapi32.lib shell32.lib ole32.lib oleaut32.lib uuid.lib odbc32.lib odbccp32.lib /MANIFEST /ManifestFile:"Release\Task1.exe.intermediate.manifest" /MANIFESTUAC:"level='asInvoker' uiAccess='false'" /DEBUG /PDB:"D:\Training VS Projects\Learning_OpenGL2\Task1\Release\Task1.pdb" /OPT:REF /OPT:ICF /LTCG /TLBID:1 /DYNAMICBASE /NXCOMPAT /IMPLIB:"D:\Training VS Projects\Learning_OpenGL2\Task1\Release\Task1.lib" /MACHINE:X86 Release\meshobj.obj
         Release\shaders.obj
         Release\Task1.obj
         Generating code
         Finished generating code
         Task1.vcxproj -> D:\Training VS Projects\Learning_OpenGL2\Task1\Release\Task1.exe
       Manifest:
         C:\Program Files (x86)\Microsoft SDKs\Windows\v7.0A\bin\mt.exe /nologo /verbose /outputresource:"D:\Training VS Projects\Learning_OpenGL2\Task1\Release\Task1.exe;#1" /manifest Release\Task1.exe.intermediate.manifest
       FinalizeBuildStatus:
         Deleting file "Release\Task1.unsuccessfulbuild".
         Touching "Release\Task1.lastbuildstate".
     1>Done Building Project "D:\Training VS Projects\Learning_OpenGL2\Task1\Task1.vcxproj" (build target(s)).

Build succeeded.

Time Elapsed 00:00:05.39
