C:\PROGRAM FILES (X86)\FASOO DRM\LOG\0.LOG
C:\PROGRAM FILES (X86)\FASOO DRM\LOG\13.LOG
C:\PROGRAM FILES (X86)\FASOO DRM\LOG\F_0001.LOG
D:\Training VS Projects\Learning_OpenGL2\Task1\Release\cl.command.1.tlog
D:\Training VS Projects\Learning_OpenGL2\Task1\Release\CL.read.1.tlog
D:\Training VS Projects\Learning_OpenGL2\Task1\Release\CL.read.2.tlog
D:\Training VS Projects\Learning_OpenGL2\Task1\Release\CL.write.1.tlog
D:\Training VS Projects\Learning_OpenGL2\Task1\Release\frame1.obj
D:\Training VS Projects\Learning_OpenGL2\Task1\Release\frame2.obj
D:\Training VS Projects\Learning_OpenGL2\Task1\Release\link.command.1.tlog
D:\Training VS Projects\Learning_OpenGL2\Task1\Release\link.read.1.tlog
D:\Training VS Projects\Learning_OpenGL2\Task1\Release\link.write.1.tlog
D:\TRAINING VS PROJECTS\LEARNING_OPENGL2\TASK1\RELEASE\MESHOBJ.OBJ
D:\Training VS Projects\Learning_OpenGL2\Task1\Release\mt.command.1.tlog
D:\Training VS Projects\Learning_OpenGL2\Task1\Release\mt.read.1.tlog
D:\Training VS Projects\Learning_OpenGL2\Task1\Release\mt.write.1.tlog
D:\TRAINING VS PROJECTS\LEARNING_OPENGL2\TASK1\RELEASE\SHADERS.OBJ
D:\TRAINING VS PROJECTS\LEARNING_OPENGL2\TASK1\RELEASE\TASK1.EXE
D:\TRAINING VS PROJECTS\LEARNING_OPENGL2\TASK1\RELEASE\TASK1.EXE.INTERMEDIATE.MANIFEST
D:\TRAINING VS PROJECTS\LEARNING_OPENGL2\TASK1\RELEASE\TASK1.OBJ
D:\TRAINING VS PROJECTS\LEARNING_OPENGL2\TASK1\RELEASE\TASK1.PDB
D:\Training VS Projects\Learning_OpenGL2\Task1\Release\Task1.write.1.tlog
D:\TRAINING VS PROJECTS\LEARNING_OPENGL2\TASK1\RELEASE\VC100.PDB
