C:\PROGRAM FILES (X86)\FASOO DRM\LOG\0.LOG
C:\PROGRAM FILES (X86)\FASOO DRM\LOG\13.LOG
C:\PROGRAM FILES (X86)\FASOO DRM\LOG\F_0001.LOG
D:\Training VS Projects\Learning_OpenGL2\Task1\Debug\cl.command.1.tlog
D:\Training VS Projects\Learning_OpenGL2\Task1\Debug\CL.read.1.tlog
D:\Training VS Projects\Learning_OpenGL2\Task1\Debug\CL.read.2.tlog
D:\Training VS Projects\Learning_OpenGL2\Task1\Debug\CL.write.1.tlog
D:\Training VS Projects\Learning_OpenGL2\Task1\Debug\frame1.obj
D:\Training VS Projects\Learning_OpenGL2\Task1\Debug\frame2.obj
D:\Training VS Projects\Learning_OpenGL2\Task1\Debug\link.command.1.tlog
D:\Training VS Projects\Learning_OpenGL2\Task1\Debug\link.read.1.tlog
D:\Training VS Projects\Learning_OpenGL2\Task1\Debug\link.write.1.tlog
D:\TRAINING VS PROJECTS\LEARNING_OPENGL2\TASK1\DEBUG\MESHOBJ.OBJ
D:\Training VS Projects\Learning_OpenGL2\Task1\Debug\mt.command.1.tlog
D:\Training VS Projects\Learning_OpenGL2\Task1\Debug\mt.read.1.tlog
D:\Training VS Projects\Learning_OpenGL2\Task1\Debug\mt.write.1.tlog
D:\TRAINING VS PROJECTS\LEARNING_OPENGL2\TASK1\DEBUG\SHADERS.OBJ
D:\TRAINING VS PROJECTS\LEARNING_OPENGL2\TASK1\DEBUG\TASK1.EXE
D:\TRAINING VS PROJECTS\LEARNING_OPENGL2\TASK1\DEBUG\TASK1.EXE.INTERMEDIATE.MANIFEST
D:\TRAINING VS PROJECTS\LEARNING_OPENGL2\TASK1\DEBUG\TASK1.ILK
D:\TRAINING VS PROJECTS\LEARNING_OPENGL2\TASK1\DEBUG\TASK1.OBJ
D:\TRAINING VS PROJECTS\LEARNING_OPENGL2\TASK1\DEBUG\TASK1.PDB
D:\Training VS Projects\Learning_OpenGL2\Task1\Debug\Task1.vcxprojResolveAssemblyReference.cache
D:\Training VS Projects\Learning_OpenGL2\Task1\Debug\Task1.write.1.tlog
D:\Training VS Projects\Learning_OpenGL2\Task1\Debug\vc100.idb
D:\TRAINING VS PROJECTS\LEARNING_OPENGL2\TASK1\DEBUG\VC100.PDB
